<?xml version="1.0" encoding="UTF-8"?>
<!-- Generated by org.testng.reporters.JUnitXMLReporter -->
<testsuite ignored="0" hostname="LAP-0219" failures="1" tests="1" name="Test" time="11.177" errors="0" timestamp="2023-06-29T16:12:37 IST">
  <testcase classname="test.Login" name="loginUser" time="11.132">
    <failure type="java.lang.AssertionError" message="expected [sharma.anamika+2@thinksys.com] but found [sharma.anamika@thinksys.com]">
      <![CDATA[java.lang.AssertionError: expected [sharma.anamika+2@thinksys.com] but found [sharma.anamika@thinksys.com]
at test.Login.loginUser(Login.java:28)
at java.base/java.util.ArrayList.forEach(ArrayList.java:1511)
... Removed 36 stack frames]]>
    </failure>
  </testcase> <!-- loginUser -->
</testsuite> <!-- Test -->
