<?xml version="1.0" encoding="UTF-8"?>
<testsuite xmlns:xsi="http://www.w3.org/2001/XMLSchema-instance" xsi:noNamespaceSchemaLocation="https://maven.apache.org/surefire/maven-surefire-plugin/xsd/surefire-test-report.xsd" name="TestSuite" time="11.736" tests="1" errors="0" skipped="0" failures="1">
  <properties>
[...]
</properties>
  <testcase name="loginUser" classname="test.Login" time="11.137">
    <failure message="expected [sharma.anamika+2@thinksys.com] but found [sharma.anamika@thinksys.com]" type="java.lang.AssertionError">java.lang.AssertionError: expected [sharma.anamika+2@thinksys.com] but found [sharma.anamika@thinksys.com]
	at test.Login.loginUser(Login.java:28)
</failure>
    <system-out><![CDATA[https://livechat-beta.myhousecallspro.com
HTTP/1.1 200 OK
Date: Thu, 29 Jun 2023 10:40:27 GMT
Content-Type: application/json; charset=utf-8
Content-Length: 306
Connection: keep-alive
Vary: Origin
Access-Control-Allow-Credentials: true
Access-Control-Allow-Methods: GET, POST, OPTIONS, PUT, PATCH, DELETE
Access-Control-Allow-Headers: X-Requested-With, Content-Type
Content-Security-Policy: default-src 'self';base-uri 'self';block-all-mixed-content;font-src 'self' https: data:;frame-ancestors 'self';img-src 'self' data:;object-src 'none';script-src 'self';script-src-attr 'none';style-src 'self' https: 'unsafe-inline';upgrade-insecure-requests
X-DNS-Prefetch-Control: off
Expect-CT: max-age=0
X-Frame-Options: SAMEORIGIN
Strict-Transport-Security: max-age=15552000; includeSubDomains
X-Download-Options: noopen
X-Content-Type-Options: nosniff
X-Permitted-Cross-Domain-Policies: none
Referrer-Policy: no-referrer
X-XSS-Protection: 0
ETag: W/"132-PKIk4Qtl680TnKtSTMKl7dlvL68"

{
    "success": true,
    "otpChannel": {
        "phone": "+1 XXXXXXXX99",
        "email": "shaxxxnksys.com"
    },
    "otpToken": "eyJhbGciOiJIUzI1NiIsInR5cCI6IkpXVCJ9.eyJpZCI6ImUzZDYxMDViYTA5MTZkZWE5MTVkODUzYmNkN2I0NjdiIiwiaWF0IjoxNjg4MDM1MjI3LCJleHAiOjE2ODgwMzU1MjcsImlzcyI6IkhvdXNlQ2FsbHNQcm8ifQ.llDW3JTPuInz0_72OLLMfu_n41OaS94ho8ynik1fVWE"
}
eyJhbGciOiJIUzI1NiIsInR5cCI6IkpXVCJ9.eyJpZCI6ImUzZDYxMDViYTA5MTZkZWE5MTVkODUzYmNkN2I0NjdiIiwiaWF0IjoxNjg4MDM1MjI3LCJleHAiOjE2ODgwMzU1MjcsImlzcyI6IkhvdXNlQ2FsbHNQcm8ifQ.llDW3JTPuInz0_72OLLMfu_n41OaS94ho8ynik1fVWE
https://livechat-beta.myhousecallspro.com
Request method:	POST
Request URI:	https://livechat-beta.myhousecallspro.com/api/v1/user/sendLiveChatOtp
Proxy:			<none>
Request params:	<none>
Query params:	<none>
Form params:	<none>
Path params:	<none>
Headers:		Host=livechat-backend-beta.myhousecallspro.com
				Authorization=Bearer eyJhbGciOiJIUzI1NiIsInR5cCI6IkpXVCJ9.eyJpZCI6ImUzZDYxMDViYTA5MTZkZWE5MTVkODUzYmNkN2I0NjdiIiwiaWF0IjoxNjg4MDM1MjI3LCJleHAiOjE2ODgwMzU1MjcsImlzcyI6IkhvdXNlQ2FsbHNQcm8ifQ.llDW3JTPuInz0_72OLLMfu_n41OaS94ho8ynik1fVWE
				Accept=*/*
				Content-Type=application/json;charset=UTF-8
Cookies:		<none>
Multiparts:		<none>
Body:
{
    "otpChannel": "phone",
    "otp": "8617695407"
}
HTTP/1.1 200 OK
Date: Thu, 29 Jun 2023 10:40:30 GMT
Content-Type: application/json; charset=utf-8
Content-Length: 107
Connection: keep-alive
Vary: Origin
Access-Control-Allow-Credentials: true
Access-Control-Allow-Methods: GET, POST, OPTIONS, PUT, PATCH, DELETE
Access-Control-Allow-Headers: X-Requested-With, Content-Type
Content-Security-Policy: default-src 'self';base-uri 'self';block-all-mixed-content;font-src 'self' https: data:;frame-ancestors 'self';img-src 'self' data:;object-src 'none';script-src 'self';script-src-attr 'none';style-src 'self' https: 'unsafe-inline';upgrade-insecure-requests
X-DNS-Prefetch-Control: off
Expect-CT: max-age=0
X-Frame-Options: SAMEORIGIN
Strict-Transport-Security: max-age=15552000; includeSubDomains
X-Download-Options: noopen
X-Content-Type-Options: nosniff
X-Permitted-Cross-Domain-Policies: none
Referrer-Policy: no-referrer
X-XSS-Protection: 0
ETag: W/"6b-SNPO92QDv2M+KJ158cE7HNXTiso"

{
    "success": true,
    "message": "OTP has been sent successfully to the registered mobile number",
    "otpAttempts": 0
}
https://livechat-beta.myhousecallspro.com
Request method:	POST
Request URI:	https://livechat-beta.myhousecallspro.com/api/v1/user/otp
Proxy:			<none>
Request params:	<none>
Query params:	<none>
Form params:	<none>
Path params:	<none>
Headers:		Host=livechat-backend-beta.myhousecallspro.com
				Authorization=Bearer eyJhbGciOiJIUzI1NiIsInR5cCI6IkpXVCJ9.eyJpZCI6ImUzZDYxMDViYTA5MTZkZWE5MTVkODUzYmNkN2I0NjdiIiwiaWF0IjoxNjg4MDM1MjI3LCJleHAiOjE2ODgwMzU1MjcsImlzcyI6IkhvdXNlQ2FsbHNQcm8ifQ.llDW3JTPuInz0_72OLLMfu_n41OaS94ho8ynik1fVWE
				Accept=*/*
				Content-Type=application/json;charset=UTF-8
Cookies:		<none>
Multiparts:		<none>
Body:
{
    "otp": "8617695407"
}
Welcome, You successfully logged in to Live Chat
]]></system-out>
    <system-err><![CDATA[SLF4J: Failed to load class "org.slf4j.impl.StaticLoggerBinder".
SLF4J: Defaulting to no-operation (NOP) logger implementation
SLF4J: See http://www.slf4j.org/codes.html#StaticLoggerBinder for further details.
]]></system-err>
  </testcase>
</testsuite>