<?xml version="1.0" encoding="UTF-8"?>
<testng-results ignored="0" total="1" passed="1" failed="0" skipped="0">
  <reporter-output>
  </reporter-output>
  <suite started-at="2023-07-22T13:39:40 IST" name="Suite" finished-at="2023-07-22T13:39:56 IST" duration-ms="16518">
    <groups>
    </groups>
    <test started-at="2023-07-22T13:39:40 IST" name="Test" finished-at="2023-07-22T13:39:56 IST" duration-ms="16518">
      <class name="test.WeatherUI">
        <test-method signature="intialize()[pri:0, instance:test.WeatherUI@34a3d150]" started-at="2023-07-22T13:39:40 IST" name="intialize" finished-at="2023-07-22T13:39:56 IST" duration-ms="16481" status="PASS">
          <reporter-output>
          </reporter-output>
        </test-method> <!-- intialize -->
      </class> <!-- test.WeatherUI -->
    </test> <!-- Test -->
  </suite> <!-- Suite -->
</testng-results>
